<?xml version="1.0" encoding="UTF-8"?>
<!-- Generated by org.testng.reporters.JUnitReportReporter -->
<testsuite hostname="LAPTOP-J9HM5473" failures="0" tests="1" name="firstPackage.Programs" time="0.016" errors="0" timestamp="2024-01-29T14:25:04 IST" skipped="0">
  <testcase classname="firstPackage.Programs" name="testcase1" time="0.016"/>
  <system-out/>
</testsuite> <!-- firstPackage.Programs -->
